<?xml version="1.0" encoding="UTF-8"?>
<!-- Generated by org.testng.reporters.JUnitReportReporter -->
<testsuite hostname="DESKTOP-58CRCHS" failures="0" tests="1" name="Com.Test.TestMethods.RoundWayTripTest" time="53.196" errors="0" timestamp="2023-08-27T12:16:02 IST" skipped="0">
  <testcase classname="Com.Test.TestMethods.RoundWayTripTest" name="RWTSJMethod" time="53.196"/>
</testsuite> <!-- Com.Test.TestMethods.RoundWayTripTest -->
