<?xml version="1.0" encoding="UTF-8"?>
<!-- Generated by org.testng.reporters.JUnitReportReporter -->
<testsuite hostname="DESKTOP-58CRCHS" failures="0" tests="1" name="Com.Test.TestMethods.FlightCheckInTest" time="4.209" errors="0" timestamp="2023-08-27T12:16:02 IST" skipped="0">
  <testcase classname="Com.Test.TestMethods.FlightCheckInTest" name="f" time="4.209"/>
</testsuite> <!-- Com.Test.TestMethods.FlightCheckInTest -->
