<?xml version="1.0" encoding="UTF-8"?>
<!-- Generated by org.testng.reporters.JUnitReportReporter -->
<testsuite hostname="DESKTOP-58CRCHS" failures="0" tests="1" name="Com.Test.TestMethods.OneWayTripSpiceJetTest" time="7.885" errors="0" timestamp="2023-08-27T12:16:02 IST" skipped="0">
  <testcase classname="Com.Test.TestMethods.OneWayTripSpiceJetTest" name="OneWayTripSpiceJetMethod" time="7.885"/>
</testsuite> <!-- Com.Test.TestMethods.OneWayTripSpiceJetTest -->
