<?xml version="1.0" encoding="UTF-8"?>
<!-- Generated by org.testng.reporters.JUnitReportReporter -->
<testsuite hostname="DESKTOP-58CRCHS" failures="0" tests="1" name="Com.Test.TestMethods.LoginInvalidCredential" time="4.613" errors="0" timestamp="2023-08-27T12:16:02 IST" skipped="0">
  <testcase classname="Com.Test.TestMethods.LoginInvalidCredential" name="SpiceJetLoginInvalid" time="4.613"/>
</testsuite> <!-- Com.Test.TestMethods.LoginInvalidCredential -->
